[2025-02-05T06:20:17.055Z] Error in handling new user: 
[2025-02-05T06:20:49.058Z] Server is running on http://localhost:3080
[2025-02-05T06:20:49.738Z] Error in handling new user: 
[2025-02-05T06:20:52.960Z] Server is running on http://localhost:3080
[2025-02-05T06:20:53.139Z] Error in handling new user: 
[2025-02-05T06:20:55.326Z] Server is running on http://localhost:3080
[2025-02-05T06:20:55.584Z] Error in handling new user: 
[2025-02-05T06:21:02.999Z] Server is running on http://localhost:3080
[2025-02-05T06:21:03.127Z] Error in handling new user: 
[2025-02-05T06:21:15.501Z] Database query error: 
[2025-02-05T06:21:24.157Z] Error in handling new user: 
[2025-02-05T06:21:44.340Z] Server is running on http://localhost:3080
[2025-02-05T06:21:44.856Z] Error in handling new user: 
[2025-02-05T06:22:12.545Z] Server is running on http://localhost:3080
[2025-02-05T06:22:12.884Z] Error in handling new user: 
[2025-02-05T06:22:18.637Z] Database query error: 
[2025-02-05T06:22:27.710Z] Error in handling new user: 
[2025-02-05T06:23:01.336Z] Server is running on http://localhost:3080
[2025-02-05T06:23:02.123Z] Error in handling new user: 
[2025-02-05T06:24:25.330Z] Server is running on http://localhost:3080
[2025-02-05T06:24:26.005Z] Error in handling new user: 
[2025-02-05T06:25:29.574Z] Database query error: 
[2025-02-05T06:26:08.688Z] Server is running on http://localhost:3080
[2025-02-05T06:26:56.838Z] Server is running on http://localhost:3080
[2025-02-05T06:27:02.346Z] Server is running on http://localhost:3080
[2025-02-05T06:27:08.507Z] Server is running on http://localhost:3080
[2025-02-05T06:27:13.919Z] Server is running on http://localhost:3080
[2025-02-05T06:28:08.691Z] Server is running on http://localhost:3080
[2025-02-05T06:28:19.350Z] Server is running on http://localhost:3080
[2025-02-05T06:29:32.417Z] Server is running on http://localhost:3080
[2025-02-05T06:29:45.568Z] Server is running on http://localhost:3080
[2025-02-05T06:29:55.888Z] Server is running on http://localhost:3080
[2025-02-05T06:42:59.578Z] Server is running on http://localhost:3080
[2025-02-05T06:46:52.301Z] Server is running on http://localhost:3080
[2025-02-05T06:46:57.375Z] Server is running on http://localhost:3080
[2025-02-05T06:47:03.058Z] Server is running on http://localhost:3080
[2025-02-05T07:14:34.870Z] Server is running on http://localhost:3080
[2025-02-05T08:48:51.705Z] Server is running on http://localhost:3080
[2025-02-05T08:50:14.436Z] Server is running on http://localhost:3080
[2025-02-05T08:50:25.528Z] Server is running on http://localhost:3080
[2025-02-05T08:50:55.182Z] Server is running on http://localhost:3080
[2025-02-05T08:52:15.297Z] Server is running on http://localhost:3080
[2025-02-05T08:52:17.672Z] Server is running on http://localhost:3080
[2025-02-05T08:52:23.252Z] Server is running on http://localhost:3080
[2025-02-05T08:52:27.159Z] Server is running on http://localhost:3080
[2025-02-05T08:53:11.119Z] Server is running on http://localhost:3080
[2025-02-05T08:53:12.585Z] Server is running on http://localhost:3080
[2025-02-05T08:53:15.173Z] Server is running on http://localhost:3080
[2025-02-05T08:53:28.701Z] Server is running on http://localhost:3080
[2025-02-05T08:53:38.396Z] Server is running on http://localhost:3080
[2025-02-05T08:53:41.182Z] Server is running on http://localhost:3080
[2025-02-05T08:53:44.441Z] Server is running on http://localhost:3080
[2025-02-05T08:53:48.517Z] Server is running on http://localhost:3080
[2025-02-05T08:54:12.308Z] Server is running on http://localhost:3080
[2025-02-05T08:55:03.226Z] Server is running on http://localhost:3080
[2025-02-05T08:55:10.327Z] Server is running on http://localhost:3080
[2025-02-05T08:55:26.462Z] Server is running on http://localhost:3080
[2025-02-05T08:55:30.699Z] Server is running on http://localhost:3080
[2025-02-05T08:55:31.826Z] Server is running on http://localhost:3080
[2025-02-05T08:55:40.151Z] Server is running on http://localhost:3080
[2025-02-05T08:55:45.759Z] Server is running on http://localhost:3080
[2025-02-05T08:56:04.464Z] Server is running on http://localhost:3080
[2025-02-05T08:56:18.608Z] Server is running on http://localhost:3080
[2025-02-05T08:56:37.077Z] Server is running on http://localhost:3080
[2025-02-05T08:56:43.771Z] Server is running on http://localhost:3080
[2025-02-05T08:56:47.300Z] Server is running on http://localhost:3080
[2025-02-05T08:56:52.094Z] Server is running on http://localhost:3080
[2025-02-05T08:56:56.152Z] Server is running on http://localhost:3080
[2025-02-05T08:56:58.999Z] Server is running on http://localhost:3080
[2025-02-05T08:57:25.388Z] Server is running on http://localhost:3080
[2025-02-05T08:57:26.765Z] Server is running on http://localhost:3080
[2025-02-05T08:58:11.645Z] Server is running on http://localhost:3080
[2025-02-05T08:58:19.182Z] Server is running on http://localhost:3080
[2025-02-05T08:58:21.193Z] Server is running on http://localhost:3080
[2025-02-05T08:58:59.548Z] Server is running on http://localhost:3080
[2025-02-05T08:59:02.791Z] Server is running on http://localhost:3080
[2025-02-05T08:59:04.248Z] Server is running on http://localhost:3080
[2025-02-05T08:59:12.569Z] Server is running on http://localhost:3080
[2025-02-05T08:59:19.276Z] Server is running on http://localhost:3080
[2025-02-05T09:00:01.647Z] Server is running on http://localhost:3080
[2025-02-05T09:00:08.994Z] Server is running on http://localhost:3080
[2025-02-05T09:00:12.228Z] Server is running on http://localhost:3080
[2025-02-05T09:00:28.618Z] Server is running on http://localhost:3080
[2025-02-05T09:01:05.805Z] Server is running on http://localhost:3080
[2025-02-05T09:01:07.224Z] Server is running on http://localhost:3080
[2025-02-05T09:01:14.451Z] Server is running on http://localhost:3080
[2025-02-05T09:02:07.700Z] Server is running on http://localhost:3080
[2025-02-05T09:02:10.396Z] Server is running on http://localhost:3080
[2025-02-05T09:02:13.943Z] Server is running on http://localhost:3080
[2025-02-05T09:02:15.796Z] Server is running on http://localhost:3080
[2025-02-05T09:02:17.992Z] Server is running on http://localhost:3080
[2025-02-05T09:02:19.752Z] Server is running on http://localhost:3080
[2025-02-05T09:02:21.838Z] Server is running on http://localhost:3080
[2025-02-05T09:10:38.752Z] Server is running on http://localhost:3080
[2025-02-05T09:10:40.632Z] Server is running on http://localhost:3080
[2025-02-05T09:10:42.251Z] Server is running on http://localhost:3080
[2025-02-05T09:10:45.727Z] Server is running on http://localhost:3080
[2025-02-05T09:12:22.460Z] Server is running on http://localhost:3080
[2025-02-05T09:12:38.753Z] Server is running on http://localhost:3080
[2025-02-05T09:12:40.870Z] Server is running on http://localhost:3080
[2025-02-05T09:12:50.871Z] Server is running on http://localhost:3080
[2025-02-05T09:12:57.310Z] Server is running on http://localhost:3080
[2025-02-05T09:13:00.474Z] Server is running on http://localhost:3080
[2025-02-05T09:13:02.534Z] Server is running on http://localhost:3080
[2025-02-05T09:13:38.148Z] Server is running on http://localhost:3080
[2025-02-05T09:13:40.286Z] Server is running on http://localhost:3080
[2025-02-05T09:13:42.921Z] Server is running on http://localhost:3080
[2025-02-05T09:13:47.607Z] Server is running on http://localhost:3080
[2025-02-05T09:14:09.422Z] Server is running on http://localhost:3080
[2025-02-05T09:14:12.666Z] Server is running on http://localhost:3080
[2025-02-05T09:14:26.780Z] Server is running on http://localhost:3080
[2025-02-05T09:14:31.414Z] Server is running on http://localhost:3080
[2025-02-05T09:14:41.786Z] Server is running on http://localhost:3080
[2025-02-05T09:14:46.382Z] Server is running on http://localhost:3080
[2025-02-05T09:20:35.065Z] Server is running on http://localhost:3080
[2025-02-05T09:20:50.173Z] Server is running on http://localhost:3080
[2025-02-05T09:21:03.032Z] Server is running on http://localhost:3080
[2025-02-05T09:21:35.383Z] Server is running on http://localhost:3080
[2025-02-05T09:21:37.528Z] Server is running on http://localhost:3080
[2025-02-05T09:25:43.407Z] Server is running on http://localhost:3080
[2025-02-05T09:25:48.094Z] Unexpected error: EISDIR: illegal operation on a directory, write
[2025-02-05T09:26:16.263Z] Unexpected error: EISDIR: illegal operation on a directory, write
[2025-02-05T09:27:27.137Z] Server is running on http://localhost:3080
[2025-02-05T09:27:59.552Z] Server is running on http://localhost:3080
[2025-02-05T09:28:20.369Z] Server is running on http://localhost:3080
[2025-02-05T09:28:45.473Z] Unexpected error: EISDIR: illegal operation on a directory, write
[2025-02-05T09:28:59.223Z] Unexpected error: EISDIR: illegal operation on a directory, write
[2025-02-05T09:29:53.073Z] Server is running on http://localhost:3080
[2025-02-05T09:30:34.538Z] Unexpected error: EISDIR: illegal operation on a directory, write
[2025-02-05T09:30:45.118Z] Server is running on http://localhost:3080
[2025-02-05T09:30:50.925Z] Server is running on http://localhost:3080
[2025-02-05T09:31:06.677Z] Database query error: The "path" argument must be of type string. Received type number (58286695)
[2025-02-05T09:31:23.479Z] Server is running on http://localhost:3080
[2025-02-05T09:31:26.098Z] Database query error: The "path" argument must be of type string. Received type number (58286695)
[2025-02-05T09:31:32.890Z] Server is running on http://localhost:3080
[2025-02-05T09:31:43.226Z] Error in handling new user: connect ETIMEDOUT
[2025-02-05T09:31:43.349Z] Error in subscribing to status: connect ETIMEDOUT
[2025-02-05T09:32:59.475Z] Server is running on http://localhost:3080
[2025-02-05T09:33:05.175Z] Server is running on http://localhost:3080
[2025-02-05T09:33:07.361Z] Database query error: The "path" argument must be of type string. Received type number (58286695)
[2025-02-05T09:33:12.258Z] Server is running on http://localhost:3080
[2025-02-05T09:33:22.119Z] Server is running on http://localhost:3080
[2025-02-05T09:33:25.815Z] Server is running on http://localhost:3080
[2025-02-05T09:33:31.350Z] Server is running on http://localhost:3080
[2025-02-05T09:33:33.907Z] Server is running on http://localhost:3080
[2025-02-05T09:33:49.741Z] Database query error: The "path" argument must be of type string. Received type number (58286695)
[2025-02-05T09:34:26.599Z] Server is running on http://localhost:3080
[2025-02-05T09:34:35.655Z] Server is running on http://localhost:3080
[2025-02-05T09:34:50.077Z] Unexpected error: EISDIR: illegal operation on a directory, write
[2025-02-05T09:35:00.370Z] Server is running on http://localhost:3080
[2025-02-05T09:35:04.818Z] Unexpected error: EISDIR: illegal operation on a directory, write
[2025-02-05T09:35:09.508Z] Server is running on http://localhost:3080
[2025-02-05T09:35:33.756Z] Server is running on http://localhost:3080
[2025-02-05T09:35:37.615Z] Server is running on http://localhost:3080
[2025-02-05T09:35:48.127Z] Server is running on http://localhost:3080
[2025-02-05T09:36:25.505Z] Server is running on http://localhost:3080
[2025-02-05T09:36:46.638Z] Server is running on http://localhost:3080
[2025-02-05T09:36:50.450Z] Server is running on http://localhost:3080
[2025-02-05T09:36:59.432Z] Server is running on http://localhost:3080
[2025-02-05T09:37:04.871Z] Server is running on http://localhost:3080
[2025-02-05T09:37:11.697Z] Server is running on http://localhost:3080
[2025-02-05T09:37:13.544Z] Server is running on http://localhost:3080
[2025-02-05T09:37:27.054Z] Unexpected error: EISDIR: illegal operation on a directory, write
[2025-02-05T09:38:02.971Z] Server is running on http://localhost:3080
[2025-02-05T09:38:08.197Z] Server is running on http://localhost:3080
[2025-02-05T09:39:10.651Z] Server is running on http://localhost:3080
[2025-02-05T09:39:14.405Z] Server is running on http://localhost:3080
[2025-02-05T09:39:24.557Z] Error in handling new user: connect ETIMEDOUT
[2025-02-05T09:39:25.740Z] Server is running on http://localhost:3080
[2025-02-05T09:39:41.691Z] Server is running on http://localhost:3080
[2025-02-05T09:39:44.541Z] Server is running on http://localhost:3080
[2025-02-05T09:39:50.202Z] Server is running on http://localhost:3080
[2025-02-05T09:40:00.750Z] Error in handling new user: connect ETIMEDOUT
[2025-02-05T09:40:02.068Z] Server is running on http://localhost:3080
[2025-02-05T09:41:15.621Z] Server is running on http://localhost:3080
[2025-02-05T09:41:22.787Z] Server is running on http://localhost:3080
[2025-02-05T09:41:33.532Z] Error in subscribing to status: connect ETIMEDOUT
[2025-02-05T09:41:42.416Z] Server is running on http://localhost:3080
[2025-02-05T09:42:10.536Z] Server is running on http://localhost:3080
[2025-02-05T09:43:11.459Z] Server is running on http://localhost:3080
[2025-02-05T09:44:11.264Z] Server is running on http://localhost:3080
[2025-02-05T09:44:41.224Z] Server is running on http://localhost:3080
[2025-02-05T09:44:42.837Z] Server is running on http://localhost:3080
[2025-02-05T09:45:13.353Z] Server is running on http://localhost:3080
[2025-02-05T09:45:21.723Z] Server is running on http://localhost:3080
[2025-02-05T09:45:23.724Z] Server is running on http://localhost:3080
[2025-02-05T09:45:48.479Z] Server is running on http://localhost:3080
[2025-02-05T09:45:55.935Z] Server is running on http://localhost:3080
[2025-02-05T09:46:16.173Z] Server is running on http://localhost:3080
[2025-02-05T09:46:24.722Z] Server is running on http://localhost:3080
[2025-02-05T09:46:30.057Z] Server is running on http://localhost:3080
[2025-02-05T09:46:34.630Z] Server is running on http://localhost:3080
[2025-02-05T09:47:09.898Z] Server is running on http://localhost:3080
[2025-02-05T09:47:20.532Z] Server is running on http://localhost:3080
[2025-02-05T09:47:30.328Z] Server is running on http://localhost:3080
[2025-02-05T09:47:36.782Z] Server is running on http://localhost:3080
[2025-02-05T09:47:39.542Z] Server is running on http://localhost:3080
[2025-02-05T09:47:57.235Z] Server is running on http://localhost:3080
[2025-02-05T09:48:00.055Z] Server is running on http://localhost:3080
[2025-02-05T09:48:09.826Z] Server is running on http://localhost:3080
[2025-02-05T09:48:25.638Z] Server is running on http://localhost:3080
[2025-02-05T09:48:30.006Z] Server is running on http://localhost:3080
[2025-02-05T09:48:36.963Z] Server is running on http://localhost:3080
[2025-02-05T09:48:43.417Z] Server is running on http://localhost:3080
[2025-02-05T09:48:48.527Z] Server is running on http://localhost:3080
[2025-02-05T09:48:51.476Z] Server is running on http://localhost:3080
[2025-02-05T09:48:59.053Z] Server is running on http://localhost:3080
[2025-02-05T09:49:20.563Z] Server is running on http://localhost:3080
[2025-02-05T09:49:22.728Z] Server is running on http://localhost:3080
[2025-02-05T09:49:31.703Z] User disconnected (no heartbeat)}
[2025-02-05T09:50:13.047Z] Server is running on http://localhost:3080
[2025-02-05T09:50:14.976Z] Server is running on http://localhost:3080
[2025-02-05T09:50:17.937Z] Server is running on http://localhost:3080
[2025-02-05T09:50:21.491Z] Server is running on http://localhost:3080
[2025-02-05T09:50:23.093Z] Server is running on http://localhost:3080
[2025-02-05T09:50:24.970Z] Server is running on http://localhost:3080
[2025-02-05T09:50:26.879Z] Server is running on http://localhost:3080
[2025-02-05T09:50:35.113Z] Server is running on http://localhost:3080
[2025-02-05T09:50:46.980Z] Server is running on http://localhost:3080
[2025-02-05T09:50:56.269Z] Server is running on http://localhost:3080
[2025-02-05T09:50:58.932Z] Server is running on http://localhost:3080
[2025-02-05T09:51:01.895Z] Server is running on http://localhost:3080
[2025-02-05T09:51:11.320Z] Server is running on http://localhost:3080
[2025-02-05T09:51:24.386Z] Server is running on http://localhost:3080
[2025-02-05T09:52:04.844Z] Server is running on http://localhost:3080
[2025-02-05T09:52:08.795Z] Server is running on http://localhost:3080
[2025-02-05T09:52:15.789Z] Server is running on http://localhost:3080
[2025-02-05T09:53:16.295Z] Server is running on http://localhost:3080
[2025-02-05T09:53:20.356Z] Server is running on http://localhost:3080
[2025-02-05T09:53:25.869Z] Server is running on http://localhost:3080
[2025-02-05T09:53:34.916Z] Server is running on http://localhost:3080
[2025-02-05T09:53:39.143Z] Server is running on http://localhost:3080
[2025-02-05T09:53:41.213Z] Server is running on http://localhost:3080
[2025-02-05T09:53:44.380Z] Server is running on http://localhost:3080
[2025-02-05T09:54:34.861Z] Server is running on http://localhost:3080
[2025-02-05T09:54:44.214Z] Server is running on http://localhost:3080
[2025-02-05T09:54:48.510Z] Server is running on http://localhost:3080
[2025-02-05T09:55:00.720Z] Server is running on http://localhost:3080
[2025-02-05T09:55:05.655Z] Database query error: senderId is not defined
[2025-02-05T09:55:13.342Z] Server is running on http://localhost:3080
[2025-02-05T09:55:19.617Z] Server is running on http://localhost:3080
[2025-02-05T09:55:20.956Z] Server is running on http://localhost:3080
[2025-02-05T09:55:53.956Z] Server is running on http://localhost:3080
[2025-02-05T09:55:55.867Z] Server is running on http://localhost:3080
[2025-02-05T09:56:07.187Z] Server is running on http://localhost:3080
[2025-02-05T09:56:11.003Z] Server is running on http://localhost:3080
[2025-02-05T09:56:14.125Z] Server is running on http://localhost:3080
[2025-02-05T09:56:19.232Z] Server is running on http://localhost:3080
[2025-02-05T09:56:24.416Z] Server is running on http://localhost:3080
[2025-02-05T09:56:52.461Z] Server is running on http://localhost:3080
[2025-02-05T09:56:56.052Z] Server is running on http://localhost:3080
[2025-02-05T09:56:58.522Z] Server is running on http://localhost:3080
[2025-02-05T09:57:09.680Z] Server is running on http://localhost:3080
[2025-02-05T09:57:53.208Z] Server is running on http://localhost:3080
[2025-02-05T09:58:03.060Z] Server is running on http://localhost:3080
[2025-02-05T09:58:11.969Z] Server is running on http://localhost:3080
[2025-02-05T09:58:15.214Z] Server is running on http://localhost:3080
[2025-02-05T09:58:21.807Z] Server is running on http://localhost:3080
[2025-02-05T09:58:36.576Z] Server is running on http://localhost:3080
[2025-02-05T09:59:17.996Z] User disconnected (no heartbeat)}
[2025-02-05T09:59:49.783Z] Server is running on http://localhost:3080
[2025-02-05T09:59:56.058Z] Server is running on http://localhost:3080
[2025-02-05T10:00:15.034Z] Server is running on http://localhost:3080
[2025-02-05T10:00:16.569Z] Server is running on http://localhost:3080
[2025-02-05T10:00:25.236Z] Server is running on http://localhost:3080
[2025-02-05T10:01:14.306Z] Server is running on http://localhost:3080
[2025-02-05T10:01:22.536Z] Server is running on http://localhost:3080
[2025-02-05T10:01:24.242Z] Server is running on http://localhost:3080
[2025-02-05T10:01:33.272Z] Server is running on http://localhost:3080
[2025-02-05T10:01:43.506Z] Server is running on http://localhost:3080
[2025-02-05T10:01:44.723Z] Server is running on http://localhost:3080
[2025-02-05T10:01:47.382Z] Server is running on http://localhost:3080
[2025-02-05T10:01:55.183Z] Server is running on http://localhost:3080
[2025-02-05T10:02:29.697Z] Server is running on http://localhost:3080
[2025-02-05T10:03:00.143Z] User disconnected (no heartbeat)}
[2025-02-05T10:03:50.339Z] User disconnected (no heartbeat)}
[2025-02-05T10:04:27.764Z] Server is running on http://localhost:3080
[2025-02-05T10:04:48.328Z] Server is running on http://localhost:3080
[2025-02-05T10:05:10.006Z] Server is running on http://localhost:3080
[2025-02-05T10:06:40.366Z] Server is running on http://localhost:3080
[2025-02-05T10:06:48.682Z] Server is running on http://localhost:3080
[2025-02-05T10:08:59.870Z] Server is running on http://localhost:3080
[2025-02-05T10:09:38.682Z] Server is running on http://localhost:3080
[2025-02-05T10:10:07.616Z] Server is running on http://localhost:3080
[2025-02-05T10:11:01.287Z] Server is running on http://localhost:3080
[2025-02-05T10:11:06.099Z] Server is running on http://localhost:3080
[2025-02-05T10:11:09.146Z] Server is running on http://localhost:3080
[2025-02-05T10:11:10.709Z] Server is running on http://localhost:3080
[2025-02-05T10:11:18.767Z] Server is running on http://localhost:3080
[2025-02-05T10:11:37.123Z] Server is running on http://localhost:3080
[2025-02-05T10:11:56.925Z] Server is running on http://localhost:3080
[2025-02-05T10:11:59.878Z] Server is running on http://localhost:3080
[2025-02-05T10:12:09.121Z] Server is running on http://localhost:3080
[2025-02-05T10:12:27.945Z] Server is running on http://localhost:3080
[2025-02-05T10:13:18.887Z] Server is running on http://localhost:3080
[2025-02-05T10:13:44.419Z] Server is running on http://localhost:3080
[2025-02-05T10:14:47.289Z] Server is running on http://localhost:3080
[2025-02-05T10:14:50.689Z] Server is running on http://localhost:3080
[2025-02-05T10:14:55.552Z] Server is running on http://localhost:3080
[2025-02-05T10:15:09.304Z] Server is running on http://localhost:3080
[2025-02-05T10:15:17.168Z] Server is running on http://localhost:3080
[2025-02-05T10:15:23.361Z] Server is running on http://localhost:3080
[2025-02-05T10:15:27.475Z] Server is running on http://localhost:3080
[2025-02-05T10:15:29.258Z] Server is running on http://localhost:3080
[2025-02-05T10:15:47.302Z] Server is running on http://localhost:3080
[2025-02-05T10:15:53.811Z] Server is running on http://localhost:3080
[2025-02-05T10:15:54.920Z] Server is running on http://localhost:3080
[2025-02-05T10:15:57.913Z] Server is running on http://localhost:3080
[2025-02-05T10:16:11.546Z] Server is running on http://localhost:3080
[2025-02-05T10:16:23.852Z] Server is running on http://localhost:3080
[2025-02-05T10:16:28.209Z] Server is running on http://localhost:3080
[2025-02-05T10:16:33.156Z] Server is running on http://localhost:3080
[2025-02-05T10:16:38.283Z] Server is running on http://localhost:3080
[2025-02-05T10:16:43.298Z] Server is running on http://localhost:3080
[2025-02-05T10:16:46.493Z] Server is running on http://localhost:3080
[2025-02-05T10:16:50.579Z] Server is running on http://localhost:3080
[2025-02-05T10:17:45.416Z] Server is running on http://localhost:3080
[2025-02-05T10:17:59.186Z] Server is running on http://localhost:3080
[2025-02-05T10:18:26.692Z] Server is running on http://localhost:3080
[2025-02-05T10:18:30.447Z] Server is running on http://localhost:3080
[2025-02-05T10:19:08.432Z] Server is running on http://localhost:3080
[2025-02-05T10:20:06.865Z] Server is running on http://localhost:3080
[2025-02-05T10:21:16.181Z] Server is running on http://localhost:3080
[2025-02-05T10:21:22.577Z] Server is running on http://localhost:3080
[2025-02-05T10:21:23.804Z] Server is running on http://localhost:3080
[2025-02-05T10:21:30.009Z] Server is running on http://localhost:3080
[2025-02-05T10:21:33.453Z] Server is running on http://localhost:3080
[2025-02-05T10:21:36.382Z] Server is running on http://localhost:3080
[2025-02-05T10:21:38.404Z] Server is running on http://localhost:3080
[2025-02-05T10:21:40.673Z] Server is running on http://localhost:3080
[2025-02-05T10:24:02.730Z] User disconnected (no heartbeat)}
[2025-02-05T10:27:59.527Z] User disconnected (no heartbeat)}
[2025-02-05T10:38:49.073Z] User disconnected (no heartbeat)}
[2025-02-05T10:47:23.906Z] User disconnected (no heartbeat)}
[2025-02-05T10:57:52.526Z] Server is running on http://localhost:3080
[2025-02-05T11:00:42.682Z] Server is running on http://localhost:3080
[2025-02-05T11:01:23.485Z] Server is running on http://localhost:3080
[2025-02-05T11:01:33.171Z] Server is running on http://localhost:3080
[2025-02-05T11:48:29.883Z] Database query error: read ECONNRESET
[2025-02-05T11:48:48.174Z] Database query error: read ECONNRESET
[2025-02-05T11:48:48.198Z] Database query error: read ECONNRESET
[2025-02-05T11:48:58.859Z] Database query error: read ECONNRESET
[2025-02-05T11:48:58.859Z] Database query error: read ECONNRESET
[2025-02-05T11:49:17.208Z] Server is running on http://localhost:3080
[2025-02-05T11:51:29.108Z] Server is running on http://localhost:3080
[2025-02-05T11:52:30.443Z] Error handling acknowledgment:
[2025-02-05T11:53:26.212Z] Server is running on http://localhost:3080
[2025-02-05T11:54:18.816Z] Server is running on http://localhost:3080
[2025-02-05T11:54:21.920Z] Server is running on http://localhost:3080
[2025-02-05T11:54:23.368Z] Server is running on http://localhost:3080
[2025-02-05T11:54:54.419Z] Server is running on http://localhost:3080
[2025-02-05T11:55:06.840Z] Server is running on http://localhost:3080
[2025-02-05T11:55:08.779Z] Server is running on http://localhost:3080
[2025-02-05T11:55:10.675Z] Server is running on http://localhost:3080
[2025-02-05T11:55:27.328Z] Server is running on http://localhost:3080
[2025-02-05T11:55:29.477Z] Server is running on http://localhost:3080
[2025-02-05T11:55:42.720Z] Server is running on http://localhost:3080
[2025-02-05T11:55:51.485Z] Server is running on http://localhost:3080
[2025-02-05T12:09:07.736Z] Server is running on http://localhost:3080
[2025-02-05T12:20:40.290Z] Server is running on http://localhost:3080
[2025-02-05T12:20:56.774Z] Server is running on http://localhost:3080
[2025-02-05T12:20:59.661Z] Server is running on http://localhost:3080
[2025-02-05T12:26:02.890Z] Database query error: read ECONNRESET
[2025-02-05T12:42:40.385Z] Error handling acknowledgment:
[2025-02-05T12:42:40.431Z] Error handling acknowledgment:
[2025-02-05T12:45:33.264Z] Error in handling new user: read ECONNRESET
[2025-02-05T12:48:17.791Z] User disconnected (no heartbeat)}
